<?xml version="1.0" encoding="UTF-8"?>
<!-- Generated by org.testng.reporters.JUnitXMLReporter -->
<testsuite hostname="JDGMOON" ignored="0" name="Default test" tests="4" failures="0" timestamp="21 Jul 2018 07:44:16 GMT" time="5.922" errors="0">
  <testcase name="launchWebsite" time="0.089" classname="com.cts.testcase.AtmBankSearch"/>
  <testcase name="login" time="0.988" classname="com.cts.testcase.AtmBankSearch"/>
  <testcase name="locateAtm" time="2.615" classname="com.cts.testcase.AtmBankSearch"/>
  <testcase name="logout" time="2.202" classname="com.cts.testcase.AtmBankSearch"/>
</testsuite> <!-- Default test -->
