<?xml version="1.0" encoding="UTF-8"?>
<!-- Generated by org.testng.reporters.JUnitXMLReporter -->
<testsuite hostname="JDGMOON" ignored="0" name="Test" tests="3" failures="0" timestamp="16 Jul 2018 19:39:16 GMT" time="4.846" errors="0">
  <testcase name="launchWebsite" time="0.091" classname="com.cts.testcase.AtmBankSearch"/>
  <testcase name="login" time="1.24" classname="com.cts.testcase.AtmBankSearch"/>
  <testcase name="logout" time="3.489" classname="com.cts.testcase.AtmBankSearch"/>
</testsuite> <!-- Test -->
