<?xml version="1.0" encoding="UTF-8"?>
<!-- Generated by org.testng.reporters.JUnitXMLReporter -->
<testsuite hostname="JDGMOON" ignored="0" name="Default test" tests="3" failures="0" timestamp="15 Jul 2018 19:54:53 GMT" time="5.052" errors="0">
  <testcase name="launchWebsite" time="0.111" classname="com.cts.testcase.AtmBankSearch"/>
  <testcase name="login" time="1.123" classname="com.cts.testcase.AtmBankSearch"/>
  <testcase name="logout" time="3.779" classname="com.cts.testcase.AtmBankSearch"/>
</testsuite> <!-- Default test -->
