<?xml version="1.0" encoding="UTF-8"?>
<testng-results skipped="0" failed="0" ignored="0" total="3" passed="3">
  <reporter-output>
  </reporter-output>
  <suite name="Suite" duration-ms="4846" started-at="2018-07-16T19:39:12Z" finished-at="2018-07-16T19:39:16Z">
    <groups>
    </groups>
    <test name="Test" duration-ms="4846" started-at="2018-07-16T19:39:12Z" finished-at="2018-07-16T19:39:16Z">
      <class name="com.cts.testcase.AtmBankSearch">
        <test-method status="PASS" signature="beforeTest()[pri:0, instance:com.cts.testcase.AtmBankSearch@51efea79]" name="beforeTest" is-config="true" duration-ms="8642" started-at="2018-07-17T01:09:03Z" finished-at="2018-07-17T01:09:12Z">
          <reporter-output>
          </reporter-output>
        </test-method> <!-- beforeTest -->
        <test-method status="PASS" signature="launchWebsite()[pri:0, instance:com.cts.testcase.AtmBankSearch@51efea79]" name="launchWebsite" duration-ms="91" started-at="2018-07-17T01:09:12Z" finished-at="2018-07-17T01:09:12Z">
          <reporter-output>
          </reporter-output>
        </test-method> <!-- launchWebsite -->
        <test-method status="PASS" signature="login()[pri:0, instance:com.cts.testcase.AtmBankSearch@51efea79]" name="login" duration-ms="1240" started-at="2018-07-17T01:09:12Z" finished-at="2018-07-17T01:09:13Z">
          <reporter-output>
          </reporter-output>
        </test-method> <!-- login -->
        <test-method status="PASS" signature="logout()[pri:0, instance:com.cts.testcase.AtmBankSearch@51efea79]" name="logout" duration-ms="3489" started-at="2018-07-17T01:09:13Z" finished-at="2018-07-17T01:09:16Z">
          <reporter-output>
          </reporter-output>
        </test-method> <!-- logout -->
        <test-method status="PASS" signature="afterMethod()[pri:0, instance:com.cts.testcase.AtmBankSearch@51efea79]" name="afterMethod" is-config="true" duration-ms="563" started-at="2018-07-17T01:09:16Z" finished-at="2018-07-17T01:09:17Z">
          <reporter-output>
          </reporter-output>
        </test-method> <!-- afterMethod -->
      </class> <!-- com.cts.testcase.AtmBankSearch -->
    </test> <!-- Test -->
  </suite> <!-- Suite -->
</testng-results>
